# JRE version: OpenJDK Runtime Environment (8.0_202-b03) (build 1.8.0_202-release-1483-b03)
# Java VM: OpenJDK 64-Bit Server VM (25.202-b03 mixed mode windows-amd64 compressed oops)
Heap:
 PSYoungGen      total 196096K, used 63031K [0x00000000e0000000, 0x00000000ef080000, 0x0000000100000000)
  eden space 172032K, 27% used [0x00000000e0000000,0x00000000e2da5028,0x00000000ea800000)
  from space 24064K, 67% used [0x00000000ea800000,0x00000000eb7e8ea8,0x00000000ebf80000)
  to   space 25088K, 0% used [0x00000000ed800000,0x00000000ed800000,0x00000000ef080000)
 ParOldGen       total 99328K, used 58329K [0x00000000a0000000, 0x00000000a6100000, 0x00000000e0000000)
  object space 99328K, 58% used [0x00000000a0000000,0x00000000a38f65d8,0x00000000a6100000)
 Metaspace       used 76256K, capacity 79384K, committed 79400K, reserved 1118208K
  class space    used 10070K, capacity 10793K, committed 10800K, reserved 1048576K
GC Heap History (10 events):
Event: 16.739 GC heap before
{Heap before GC invocations=18 (full 2):
 PSYoungGen      total 135168K, used 51783K [0x00000000e0000000, 0x00000000eb780000, 0x0000000100000000)
  eden space 120320K, 32% used [0x00000000e0000000,0x00000000e26b3e40,0x00000000e7580000)
  from space 14848K, 81% used [0x00000000e7580000,0x00000000e815df80,0x00000000e8400000)
  to   space 15872K, 0% used [0x00000000ea800000,0x00000000ea800000,0x00000000eb780000)
 ParOldGen       total 58880K, used 37209K [0x00000000a0000000, 0x00000000a3980000, 0x00000000e0000000)
  object space 58880K, 63% used [0x00000000a0000000,0x00000000a24564f8,0x00000000a3980000)
 Metaspace       used 57152K, capacity 59108K, committed 59160K, reserved 1099776K
  class space    used 7770K, capacity 8318K, committed 8368K, reserved 1048576K
Event: 16.754 GC heap after
Heap after GC invocations=18 (full 2):
 PSYoungGen      total 172032K, used 4218K [0x00000000e0000000, 0x00000000eb780000, 0x0000000100000000)
  eden space 156160K, 0% used [0x00000000e0000000,0x00000000e0000000,0x00000000e9880000)
  from space 15872K, 26% used [0x00000000ea800000,0x00000000eac1eb00,0x00000000eb780000)
  to   space 15872K, 0% used [0x00000000e9880000,0x00000000e9880000,0x00000000ea800000)
 ParOldGen       total 58880K, used 43684K [0x00000000a0000000, 0x00000000a3980000, 0x00000000e0000000)
  object space 58880K, 74% used [0x00000000a0000000,0x00000000a2aa91b0,0x00000000a3980000)
 Metaspace       used 57152K, capacity 59108K, committed 59160K, reserved 1099776K
  class space    used 7770K, capacity 8318K, committed 8368K, reserved 1048576K
}
Event: 16.754 GC heap before
{Heap before GC invocations=19 (full 3):
 PSYoungGen      total 172032K, used 4218K [0x00000000e0000000, 0x00000000eb780000, 0x0000000100000000)
  eden space 156160K, 0% used [0x00000000e0000000,0x00000000e0000000,0x00000000e9880000)
  from space 15872K, 26% used [0x00000000ea800000,0x00000000eac1eb00,0x00000000eb780000)
  to   space 15872K, 0% used [0x00000000e9880000,0x00000000e9880000,0x00000000ea800000)
 ParOldGen       total 58880K, used 43684K [0x00000000a0000000, 0x00000000a3980000, 0x00000000e0000000)
  object space 58880K, 74% used [0x00000000a0000000,0x00000000a2aa91b0,0x00000000a3980000)
 Metaspace       used 57152K, capacity 59108K, committed 59160K, reserved 1099776K
  class space    used 7770K, capacity 8318K, committed 8368K, reserved 1048576K
Event: 17.041 GC heap after
Heap after GC invocations=19 (full 3):
 PSYoungGen      total 172032K, used 0K [0x00000000e0000000, 0x00000000eb780000, 0x0000000100000000)
  eden space 156160K, 0% used [0x00000000e0000000,0x00000000e0000000,0x00000000e9880000)
  from space 15872K, 0% used [0x00000000ea800000,0x00000000ea800000,0x00000000eb780000)
  to   space 15872K, 0% used [0x00000000e9880000,0x00000000e9880000,0x00000000ea800000)
 ParOldGen       total 99328K, used 36965K [0x00000000a0000000, 0x00000000a6100000, 0x00000000e0000000)
  object space 99328K, 37% used [0x00000000a0000000,0x00000000a2419640,0x00000000a6100000)
 Metaspace       used 57152K, capacity 59108K, committed 59160K, reserved 1099776K
  class space    used 7770K, capacity 8318K, committed 8368K, reserved 1048576K
}
Event: 19.644 GC heap before
{Heap before GC invocations=20 (full 3):
 PSYoungGen      total 172032K, used 156160K [0x00000000e0000000, 0x00000000eb780000, 0x0000000100000000)
  eden space 156160K, 100% used [0x00000000e0000000,0x00000000e9880000,0x00000000e9880000)
  from space 15872K, 0% used [0x00000000ea800000,0x00000000ea800000,0x00000000eb780000)
  to   space 15872K, 0% used [0x00000000e9880000,0x00000000e9880000,0x00000000ea800000)
 ParOldGen       total 99328K, used 36965K [0x00000000a0000000, 0x00000000a6100000, 0x00000000e0000000)
  object space 99328K, 37% used [0x00000000a0000000,0x00000000a2419640,0x00000000a6100000)
 Metaspace       used 63576K, capacity 65966K, committed 66216K, reserved 1105920K
  class space    used 8733K, capacity 9322K, committed 9392K, reserved 1048576K
Event: 19.668 GC heap after
Heap after GC invocations=20 (full 3):
 PSYoungGen      total 172032K, used 15203K [0x00000000e0000000, 0x00000000ed100000, 0x0000000100000000)
  eden space 156160K, 0% used [0x00000000e0000000,0x00000000e0000000,0x00000000e9880000)
  from space 15872K, 95% used [0x00000000e9880000,0x00000000ea758e58,0x00000000ea800000)
  to   space 17920K, 0% used [0x00000000ebf80000,0x00000000ebf80000,0x00000000ed100000)
 ParOldGen       total 99328K, used 36973K [0x00000000a0000000, 0x00000000a6100000, 0x00000000e0000000)
  object space 99328K, 37% used [0x00000000a0000000,0x00000000a241b640,0x00000000a6100000)
 Metaspace       used 63576K, capacity 65966K, committed 66216K, reserved 1105920K
  class space    used 8733K, capacity 9322K, committed 9392K, reserved 1048576K
}
Event: 22.761 GC heap before
{Heap before GC invocations=21 (full 3):
 PSYoungGen      total 172032K, used 171363K [0x00000000e0000000, 0x00000000ed100000, 0x0000000100000000)
  eden space 156160K, 100% used [0x00000000e0000000,0x00000000e9880000,0x00000000e9880000)
  from space 15872K, 95% used [0x00000000e9880000,0x00000000ea758e58,0x00000000ea800000)
  to   space 17920K, 0% used [0x00000000ebf80000,0x00000000ebf80000,0x00000000ed100000)
 ParOldGen       total 99328K, used 36973K [0x00000000a0000000, 0x00000000a6100000, 0x00000000e0000000)
  object space 99328K, 37% used [0x00000000a0000000,0x00000000a241b640,0x00000000a6100000)
 Metaspace       used 70388K, capacity 73252K, committed 73384K, reserved 1112064K
  class space    used 9615K, capacity 10323K, committed 10416K, reserved 1048576K
Event: 22.855 GC heap after
Heap after GC invocations=21 (full 3):
 PSYoungGen      total 189952K, used 17899K [0x00000000e0000000, 0x00000000ee100000, 0x0000000100000000)
  eden space 172032K, 0% used [0x00000000e0000000,0x00000000e0000000,0x00000000ea800000)
  from space 17920K, 99% used [0x00000000ebf80000,0x00000000ed0fad10,0x00000000ed100000)
  to   space 24064K, 0% used [0x00000000ea800000,0x00000000ea800000,0x00000000ebf80000)
 ParOldGen       total 99328K, used 45574K [0x00000000a0000000, 0x00000000a6100000, 0x00000000e0000000)
  object space 99328K, 45% used [0x00000000a0000000,0x00000000a2c81aa0,0x00000000a6100000)
 Metaspace       used 70388K, capacity 73252K, committed 73384K, reserved 1112064K
  class space    used 9615K, capacity 10323K, committed 10416K, reserved 1048576K
}
Event: 512.940 GC heap before
{Heap before GC invocations=22 (full 3):
 PSYoungGen      total 189952K, used 189931K [0x00000000e0000000, 0x00000000ee100000, 0x0000000100000000)
  eden space 172032K, 100% used [0x00000000e0000000,0x00000000ea800000,0x00000000ea800000)
  from space 17920K, 99% used [0x00000000ebf80000,0x00000000ed0fad10,0x00000000ed100000)
  to   space 24064K, 0% used [0x00000000ea800000,0x00000000ea800000,0x00000000ebf80000)
 ParOldGen       total 99328K, used 45574K [0x00000000a0000000, 0x00000000a6100000, 0x00000000e0000000)
  object space 99328K, 45% used [0x00000000a0000000,0x00000000a2c81aa0,0x00000000a6100000)
 Metaspace       used 76178K, capacity 79372K, committed 79400K, reserved 1118208K
  class space    used 10068K, capacity 10791K, committed 10800K, reserved 1048576K
Event: 513.318 GC heap after
Heap after GC invocations=22 (full 3):
 PSYoungGen      total 196096K, used 16291K [0x00000000e0000000, 0x00000000ef080000, 0x0000000100000000)
  eden space 172032K, 0% used [0x00000000e0000000,0x00000000e0000000,0x00000000ea800000)
  from space 24064K, 67% used [0x00000000ea800000,0x00000000eb7e8ea8,0x00000000ebf80000)
  to   space 25088K, 0% used [0x00000000ed800000,0x00000000ed800000,0x00000000ef080000)
 ParOldGen       total 99328K, used 58329K [0x00000000a0000000, 0x00000000a6100000, 0x00000000e0000000)
  object space 99328K, 58% used [0x00000000a0000000,0x00000000a38f65d8,0x00000000a6100000)
 Metaspace       used 76178K, capacity 79372K, committed 79400K, reserved 1118208K
  class space    used 10068K, capacity 10791K, committed 10800K, reserved 1048576K
}

